Performing C SOURCE FILE Test CMAKE_HAVE_LIBC_PTHREAD failed with the following output:
Change Dir: /home/awan/timemory-gpu/gpu-sw-timemory/build-release/CMakeFiles/CMakeTmp

Run Build Command(s):/usr/bin/ninja cmTC_23a96 && [1/2] Building C object CMakeFiles/cmTC_23a96.dir/src.c.o
[2/2] Linking C executable cmTC_23a96
FAILED: cmTC_23a96 
: && /usr/bin/gcc -DCMAKE_HAVE_LIBC_PTHREAD  -rdynamic CMakeFiles/cmTC_23a96.dir/src.c.o  -o cmTC_23a96   && :
CMakeFiles/cmTC_23a96.dir/src.c.o: In function `main':
src.c:(.text+0x3e): undefined reference to `pthread_create'
src.c:(.text+0x4a): undefined reference to `pthread_detach'
src.c:(.text+0x5b): undefined reference to `pthread_join'
src.c:(.text+0x6f): undefined reference to `pthread_atfork'
collect2: error: ld returned 1 exit status
ninja: build stopped: subcommand failed.


Source file was:
#include <pthread.h>

void* test_func(void* data)
{
  return data;
}

int main(void)
{
  pthread_t thread;
  pthread_create(&thread, NULL, test_func, NULL);
  pthread_detach(thread);
  pthread_join(thread, NULL);
  pthread_atfork(NULL, NULL, NULL);
  pthread_exit(NULL);

  return 0;
}

Determining if the function pthread_create exists in the pthreads failed with the following output:
Change Dir: /home/awan/timemory-gpu/gpu-sw-timemory/build-release/CMakeFiles/CMakeTmp

Run Build Command(s):/usr/bin/ninja cmTC_a2fa0 && [1/2] Building C object CMakeFiles/cmTC_a2fa0.dir/CheckFunctionExists.c.o
[2/2] Linking C executable cmTC_a2fa0
FAILED: cmTC_a2fa0 
: && /usr/bin/gcc -DCHECK_FUNCTION_EXISTS=pthread_create  -rdynamic CMakeFiles/cmTC_a2fa0.dir/CheckFunctionExists.c.o  -o cmTC_a2fa0  -lpthreads && :
/usr/bin/ld: cannot find -lpthreads
collect2: error: ld returned 1 exit status
ninja: build stopped: subcommand failed.



