Performing C SOURCE FILE Test CMAKE_HAVE_LIBC_PTHREAD failed with the following output:
Change Dir: /home/awan/timemory-gpu/gpu-sw-timemory/build/CMakeFiles/CMakeTmp

Run Build Command(s):/usr/bin/make cmTC_cebb9/fast && /usr/bin/make -f CMakeFiles/cmTC_cebb9.dir/build.make CMakeFiles/cmTC_cebb9.dir/build
make[1]: Entering directory '/home/awan/timemory-gpu/gpu-sw-timemory/build/CMakeFiles/CMakeTmp'
Building C object CMakeFiles/cmTC_cebb9.dir/src.c.o
/usr/bin/gcc   -DCMAKE_HAVE_LIBC_PTHREAD   -o CMakeFiles/cmTC_cebb9.dir/src.c.o   -c /home/awan/timemory-gpu/gpu-sw-timemory/build/CMakeFiles/CMakeTmp/src.c
Linking C executable cmTC_cebb9
/opt/packages/python/anaconda/4.5/envs/timemory/bin/cmake -E cmake_link_script CMakeFiles/cmTC_cebb9.dir/link.txt --verbose=1
/usr/bin/gcc  -DCMAKE_HAVE_LIBC_PTHREAD    -rdynamic CMakeFiles/cmTC_cebb9.dir/src.c.o  -o cmTC_cebb9 
CMakeFiles/cmTC_cebb9.dir/src.c.o: In function `main':
src.c:(.text+0x3e): undefined reference to `pthread_create'
src.c:(.text+0x4a): undefined reference to `pthread_detach'
src.c:(.text+0x5b): undefined reference to `pthread_join'
src.c:(.text+0x6f): undefined reference to `pthread_atfork'
collect2: error: ld returned 1 exit status
CMakeFiles/cmTC_cebb9.dir/build.make:86: recipe for target 'cmTC_cebb9' failed
make[1]: *** [cmTC_cebb9] Error 1
make[1]: Leaving directory '/home/awan/timemory-gpu/gpu-sw-timemory/build/CMakeFiles/CMakeTmp'
Makefile:121: recipe for target 'cmTC_cebb9/fast' failed
make: *** [cmTC_cebb9/fast] Error 2


Source file was:
#include <pthread.h>

void* test_func(void* data)
{
  return data;
}

int main(void)
{
  pthread_t thread;
  pthread_create(&thread, NULL, test_func, NULL);
  pthread_detach(thread);
  pthread_join(thread, NULL);
  pthread_atfork(NULL, NULL, NULL);
  pthread_exit(NULL);

  return 0;
}

Determining if the function pthread_create exists in the pthreads failed with the following output:
Change Dir: /home/awan/timemory-gpu/gpu-sw-timemory/build/CMakeFiles/CMakeTmp

Run Build Command(s):/usr/bin/make cmTC_62b77/fast && /usr/bin/make -f CMakeFiles/cmTC_62b77.dir/build.make CMakeFiles/cmTC_62b77.dir/build
make[1]: Entering directory '/home/awan/timemory-gpu/gpu-sw-timemory/build/CMakeFiles/CMakeTmp'
Building C object CMakeFiles/cmTC_62b77.dir/CheckFunctionExists.c.o
/usr/bin/gcc   -DCHECK_FUNCTION_EXISTS=pthread_create   -o CMakeFiles/cmTC_62b77.dir/CheckFunctionExists.c.o   -c /opt/packages/python/anaconda/4.5/envs/timemory/share/cmake-3.16/Modules/CheckFunctionExists.c
Linking C executable cmTC_62b77
/opt/packages/python/anaconda/4.5/envs/timemory/bin/cmake -E cmake_link_script CMakeFiles/cmTC_62b77.dir/link.txt --verbose=1
/usr/bin/gcc  -DCHECK_FUNCTION_EXISTS=pthread_create    -rdynamic CMakeFiles/cmTC_62b77.dir/CheckFunctionExists.c.o  -o cmTC_62b77  -lpthreads 
/usr/bin/ld: cannot find -lpthreads
collect2: error: ld returned 1 exit status
CMakeFiles/cmTC_62b77.dir/build.make:86: recipe for target 'cmTC_62b77' failed
make[1]: *** [cmTC_62b77] Error 1
make[1]: Leaving directory '/home/awan/timemory-gpu/gpu-sw-timemory/build/CMakeFiles/CMakeTmp'
Makefile:121: recipe for target 'cmTC_62b77/fast' failed
make: *** [cmTC_62b77/fast] Error 2



